<?xml version="1.0" encoding="UTF-8"?>
<testng-results ignored="0" total="2" passed="2" failed="0" skipped="0">
  <reporter-output>
  </reporter-output>
  <suite started-at="2023-12-27T15:35:35 IST" name="Suite" finished-at="2023-12-27T15:35:48 IST" duration-ms="12894">
    <groups>
    </groups>
    <test started-at="2023-12-27T15:35:35 IST" name="Test" finished-at="2023-12-27T15:35:48 IST" duration-ms="12894">
      <class name="com.hrms.TestScripts.TC002">
        <test-method signature="tc002()[pri:0, instance:com.hrms.TestScripts.TC002@2d52216b]" started-at="2023-12-27T15:35:41 IST" name="tc002" finished-at="2023-12-27T15:35:48 IST" duration-ms="7705" status="PASS">
          <reporter-output>
          </reporter-output>
        </test-method> <!-- tc002 -->
      </class> <!-- com.hrms.TestScripts.TC002 -->
      <class name="com.hrms.TestScripts.TC001">
        <test-method signature="tc001()[pri:0, instance:com.hrms.TestScripts.TC001@4b0d79fc]" started-at="2023-12-27T15:35:35 IST" name="tc001" finished-at="2023-12-27T15:35:40 IST" duration-ms="5101" status="PASS">
          <reporter-output>
          </reporter-output>
        </test-method> <!-- tc001 -->
      </class> <!-- com.hrms.TestScripts.TC001 -->
    </test> <!-- Test -->
  </suite> <!-- Suite -->
</testng-results>
